
/home/runner/work/exp-characteristics-scr-iitk/exp-characteristics-scr-iitk/experiment/simulation/js/main.js
   2:1   warning  'c2' is not defined                             no-undef
  11:7   warning  'procedure' is assigned a value but never used  no-unused-vars
  25:10  warning  'i' is not defined                              no-undef
  25:17  warning  'i' is not defined                              no-undef
  25:34  warning  'i' is not defined                              no-undef
  26:53  warning  'i' is not defined                              no-undef
  26:73  warning  'i' is not defined                              no-undef
  31:10  warning  'switchon1' is defined but never used           no-unused-vars
  32:7   warning  'c2' is not defined                             no-undef
  36:4   warning  'c2' is not defined                             no-undef
  39:12  warning  'c2' is not defined                             no-undef
  41:4   warning  'c2' is not defined                             no-undef
  45:10  warning  'getVoltage' is defined but never used          no-unused-vars
  47:9   warning  'voltage1' is not defined                       no-undef
  48:66  warning  'voltage1' is not defined                       no-undef
  49:63  warning  'voltage1' is not defined                       no-undef
  53:10  warning  'openNav' is defined but never used             no-unused-vars
  58:12  warning  'closeNav' is defined but never used            no-unused-vars

✖ 18 problems (0 errors, 18 warnings)

